<?xml version="1.0" encoding="UTF-8"?>
<!-- Generated by org.testng.reporters.JUnitReportReporter -->
<testsuite skipped="0" hostname="LAP-061" name="iConnectX_Auto_Test.DryTestRun" tests="1" failures="0" timestamp="14 Dec 2017 10:58:56 GMT" time="1.174" errors="0">
  <testcase name="createExcelFile" time="1.174" classname="iConnectX_Auto_Test.DryTestRun"/>
</testsuite> <!-- iConnectX_Auto_Test.DryTestRun -->
