<?xml version="1.0" encoding="UTF-8"?>
<!-- Generated by org.testng.reporters.JUnitReportReporter -->
<testsuite hostname="LAP-061" name="AutomationFramework.iCX_TestCases" tests="1" failures="0" timestamp="21 Dec 2017 13:13:00 GMT" time="57.133" errors="0">
  <testcase name="MainScript" time="57.133" classname="AutomationFramework.iCX_TestCases"/>
</testsuite> <!-- AutomationFramework.iCX_TestCases -->
