<?xml version="1.0" encoding="UTF-8"?>
<!-- Generated by org.testng.reporters.JUnitReportReporter -->
<testsuite hostname="LAP-061" name="iConnectX_Auto_Test.Driver_Script" tests="1" failures="0" timestamp="6 Dec 2017 16:01:03 GMT" time="0.191" errors="0">
  <testcase name="test" time="0.191" classname="iConnectX_Auto_Test.Driver_Script"/>
</testsuite> <!-- iConnectX_Auto_Test.Driver_Script -->
