<?xml version="1.0" encoding="UTF-8"?>
<!-- Generated by org.testng.reporters.JUnitReportReporter -->
<testsuite hostname="LAP-061" name="iConnectX_Auto_Test.TestNG_Class" tests="1" failures="0" timestamp="6 Dec 2017 11:06:58 GMT" time="18.883" errors="0">
  <testcase name="sampletestmethod" time="18.883" classname="iConnectX_Auto_Test.TestNG_Class"/>
</testsuite> <!-- iConnectX_Auto_Test.TestNG_Class -->
