<?xml version="1.0" encoding="UTF-8"?>
<!-- Generated by org.testng.reporters.JUnitReportReporter -->
<testsuite hostname="LAP-061" name="iConnectX_Auto_Test.ClassOne" tests="1" failures="0" timestamp="6 Dec 2017 16:03:30 GMT" time="0.023" errors="0">
  <testcase name="testmethodone" time="0.023" classname="iConnectX_Auto_Test.ClassOne"/>
</testsuite> <!-- iConnectX_Auto_Test.ClassOne -->
