<?xml version="1.0" encoding="UTF-8"?>
<!-- Generated by org.testng.reporters.JUnitReportReporter -->
<testsuite hostname="LAP-061" name="Test_Cases.iCX_TestCases" tests="1" failures="0" timestamp="22 Dec 2017 08:20:54 GMT" time="113.372" errors="0">
  <testcase name="MainScript" time="113.372" classname="Test_Cases.iCX_TestCases"/>
</testsuite> <!-- Test_Cases.iCX_TestCases -->
