<?xml version="1.0" encoding="UTF-8"?>
<!-- Generated by org.testng.reporters.JUnitReportReporter -->
<testsuite hostname="LAP-061" name="iConnectX_Auto_Test.ClassTwo" tests="1" failures="0" timestamp="6 Dec 2017 10:07:07 GMT" time="1.737" errors="0">
  <testcase name="testmethodone" time="1.737" classname="iConnectX_Auto_Test.ClassTwo"/>
</testsuite> <!-- iConnectX_Auto_Test.ClassTwo -->
