<?xml version="1.0" encoding="UTF-8"?>
<!-- Generated by org.testng.reporters.JUnitReportReporter -->
<testsuite hostname="LAP-VIP" name="testCases.searchDoctor" tests="4" failures="0" timestamp="1 Jun 2018 13:33:39 GMT" time="408.984" errors="0">
  <testcase name="listoutDoctors" time="6.140" classname="testCases.searchDoctor"/>
  <testcase name="listoutDoctors" time="390.198" classname="testCases.searchDoctor"/>
  <testcase name="listoutDoctors" time="1.023" classname="testCases.searchDoctor"/>
  <testcase name="listoutDoctors" time="11.623" classname="testCases.searchDoctor"/>
</testsuite> <!-- testCases.searchDoctor -->
