<?xml version="1.0" encoding="UTF-8"?>
<!-- Generated by org.testng.reporters.JUnitReportReporter -->
<testsuite hostname="LAP-VIP" name="testCases.loginToPracto" tests="1" failures="0" timestamp="1 Jun 2018 13:33:39 GMT" time="0.008" errors="0">
  <testcase name="loginToApp" time="0.008" classname="testCases.loginToPracto"/>
</testsuite> <!-- testCases.loginToPracto -->
