<?xml version="1.0" encoding="UTF-8"?>
<!-- Generated by org.testng.reporters.JUnitReportReporter -->
<testsuite hostname="LAP-VIP" name="testCases.safteyOfData" tests="1" failures="0" timestamp="1 Jun 2018 13:33:39 GMT" time="13.408" errors="0">
  <testcase name="checkSafteyContent" time="13.408" classname="testCases.safteyOfData"/>
</testsuite> <!-- testCases.safteyOfData -->
